2018-05-11 11:35:01|104|Async Processing Thread Web(2) Started
2018-05-11 11:35:01|16904|Async Processing Thread AudioFile(4) Started
2018-05-11 11:35:01|13808|CAsyncLoader IO Thread started2018-05-11 11:35:01|436|Async Processing Thread BigFile(3) Started
2018-05-11 11:35:01|15260|Async Processing Thread Local(0) Started
2018-05-11 11:35:01|16796|Async Processing Thread Asset(1) Started
2018-05-11 11:35:01|16008|Async Processing Thread Asset(1) Started
2018-05-11 11:35:28|6592|ParaFile.OpenAssetFile using local file:public/csslib/element-ui.css
2018-05-11 11:35:28|15768|ParaFile.OpenAssetFile using local file:public/jslib/jquery.min.js
2018-05-11 11:35:28|13496|ParaFile.OpenAssetFile using local file:public/css/common.css
2018-05-11 11:35:28|6592|ParaFile.OpenAssetFile using local file:public/js/common.js
2018-05-11 11:35:28|13496|ParaFile.OpenAssetFile using local file:public/css/record.css
2018-05-11 11:35:28|15768|ParaFile.OpenAssetFile using local file:public/csslib/c3.min.css
2018-05-11 11:35:28|6592|ParaFile.OpenAssetFile using local file:public/jslib/d3.min.js
2018-05-11 11:35:28|13496|ParaFile.OpenAssetFile using local file:public/jslib/c3.min.js
2018-05-11 11:35:28|15768|ParaFile.OpenAssetFile using local file:public/js/taughted_record.js
2018-05-11 11:35:28|6592|ParaFile.OpenAssetFile using local file:public/csslib/fonts/element-icons.woff
2018-05-11 14:00:27|6592|ParaFile.OpenAssetFile using local file:public/csslib/element-ui.css
2018-05-11 14:00:27|13496|ParaFile.OpenAssetFile using local file:public/css/common.css
2018-05-11 14:00:27|6592|ParaFile.OpenAssetFile using local file:public/js/common.js
2018-05-11 14:00:27|13496|ParaFile.OpenAssetFile using local file:public/jslib/jquery.min.js
2018-05-11 14:00:27|6592|ParaFile.OpenAssetFile using local file:public/css/record.css
2018-05-11 14:00:27|2636|ParaFile.OpenAssetFile using local file:public/jslib/d3.min.js
2018-05-11 14:00:27|15768|ParaFile.OpenAssetFile using local file:public/csslib/c3.min.css
2018-05-11 14:00:27|6592|ParaFile.OpenAssetFile using local file:public/jslib/c3.min.js
2018-05-11 14:00:27|13496|ParaFile.OpenAssetFile using local file:public/js/taughted_record.js
2018-05-11 14:00:27|6592|ParaFile.OpenAssetFile using local file:public/csslib/fonts/element-icons.woff
2018-05-11 14:02:15|6592|ParaFile.OpenAssetFile using local file:public/csslib/element-ui.css
2018-05-11 14:02:15|13496|ParaFile.OpenAssetFile using local file:public/css/common.css
2018-05-11 14:02:15|15768|ParaFile.OpenAssetFile using local file:public/jslib/jquery.min.js
2018-05-11 14:02:15|6592|ParaFile.OpenAssetFile using local file:public/csslib/c3.min.css
2018-05-11 14:02:15|2636|ParaFile.OpenAssetFile using local file:public/js/common.js
2018-05-11 14:02:15|1088|ParaFile.OpenAssetFile using local file:public/css/record.css
2018-05-11 14:02:15|6592|ParaFile.OpenAssetFile using local file:public/jslib/d3.min.js
2018-05-11 14:02:15|13496|ParaFile.OpenAssetFile using local file:public/jslib/c3.min.js
2018-05-11 14:02:15|15768|ParaFile.OpenAssetFile using local file:public/js/taughted_record.js
2018-05-11 14:02:16|6592|ParaFile.OpenAssetFile using local file:public/csslib/fonts/element-icons.woff
2018-05-11 14:03:20|6592|ParaFile.OpenAssetFile using local file:public/csslib/element-ui.css
2018-05-11 14:03:20|13496|ParaFile.OpenAssetFile using local file:public/css/common.css
2018-05-11 14:03:20|2636|ParaFile.OpenAssetFile using local file:public/js/common.js
2018-05-11 14:03:20|15768|ParaFile.OpenAssetFile using local file:public/jslib/jquery.min.js
2018-05-11 14:03:20|1088|ParaFile.OpenAssetFile using local file:public/css/record.css
2018-05-11 14:03:20|6592|ParaFile.OpenAssetFile using local file:public/csslib/c3.min.css
2018-05-11 14:03:20|6592|ParaFile.OpenAssetFile using local file:public/jslib/d3.min.js
2018-05-11 14:03:20|13496|ParaFile.OpenAssetFile using local file:public/jslib/c3.min.js
2018-05-11 14:03:20|15768|ParaFile.OpenAssetFile using local file:public/js/taughted_record.js
2018-05-11 14:03:20|6592|ParaFile.OpenAssetFile using local file:public/csslib/fonts/element-icons.woff
2018-05-11 14:06:01|6592|ParaFile.OpenAssetFile using local file:public/csslib/element-ui.css
2018-05-11 14:06:01|13496|ParaFile.OpenAssetFile using local file:public/css/common.css
2018-05-11 14:06:01|15768|ParaFile.OpenAssetFile using local file:public/jslib/jquery.min.js
2018-05-11 14:06:01|2636|ParaFile.OpenAssetFile using local file:public/js/common.js
2018-05-11 14:06:01|1088|ParaFile.OpenAssetFile using local file:public/css/record.css
2018-05-11 14:06:01|6592|ParaFile.OpenAssetFile using local file:public/jslib/d3.min.js
2018-05-11 14:06:01|16556|ParaFile.OpenAssetFile using local file:public/csslib/c3.min.css
2018-05-11 14:06:01|13496|ParaFile.OpenAssetFile using local file:public/jslib/c3.min.js
2018-05-11 14:06:01|6592|ParaFile.OpenAssetFile using local file:public/js/taughted_record.js
2018-05-11 14:06:01|6592|ParaFile.OpenAssetFile using local file:public/csslib/fonts/element-icons.woff
2018-05-11 14:06:52|6592|ParaFile.OpenAssetFile using local file:public/csslib/element-ui.css
2018-05-11 14:06:52|13496|ParaFile.OpenAssetFile using local file:public/css/common.css
2018-05-11 14:06:52|15768|ParaFile.OpenAssetFile using local file:public/jslib/jquery.min.js
2018-05-11 14:06:52|2636|ParaFile.OpenAssetFile using local file:public/js/common.js
2018-05-11 14:06:52|6592|ParaFile.OpenAssetFile using local file:public/css/record.css
2018-05-11 14:06:52|13496|ParaFile.OpenAssetFile using local file:public/csslib/c3.min.css
2018-05-11 14:06:52|6592|ParaFile.OpenAssetFile using local file:public/jslib/d3.min.js
2018-05-11 14:06:52|13496|ParaFile.OpenAssetFile using local file:public/jslib/c3.min.js
2018-05-11 14:06:52|15768|ParaFile.OpenAssetFile using local file:public/js/taughted_record.js
2018-05-11 14:06:52|6592|ParaFile.OpenAssetFile using local file:public/csslib/fonts/element-icons.woff
2018-05-11 14:07:56|6592|ParaFile.OpenAssetFile using local file:public/csslib/element-ui.css
2018-05-11 14:07:56|13496|ParaFile.OpenAssetFile using local file:public/css/common.css
2018-05-11 14:07:56|6592|ParaFile.OpenAssetFile using local file:public/js/common.js
2018-05-11 14:07:56|13496|ParaFile.OpenAssetFile using local file:public/jslib/jquery.min.js
2018-05-11 14:07:56|15768|ParaFile.OpenAssetFile using local file:public/css/record.css
2018-05-11 14:07:56|2636|ParaFile.OpenAssetFile using local file:public/csslib/c3.min.css
2018-05-11 14:07:56|6592|ParaFile.OpenAssetFile using local file:public/jslib/d3.min.js
2018-05-11 14:07:56|13496|ParaFile.OpenAssetFile using local file:public/jslib/c3.min.js
2018-05-11 14:07:56|6592|ParaFile.OpenAssetFile using local file:public/js/taughted_record.js
2018-05-11 14:07:56|6592|ParaFile.OpenAssetFile using local file:public/csslib/fonts/element-icons.woff
2018-05-11 14:09:56|6592|ParaFile.OpenAssetFile using local file:public/csslib/element-ui.css
2018-05-11 14:09:56|13496|ParaFile.OpenAssetFile using local file:public/css/common.css
2018-05-11 14:09:56|15768|ParaFile.OpenAssetFile using local file:public/jslib/jquery.min.js
2018-05-11 14:09:56|6592|ParaFile.OpenAssetFile using local file:public/js/common.js
2018-05-11 14:09:56|13496|ParaFile.OpenAssetFile using local file:public/css/record.css
2018-05-11 14:09:56|6592|ParaFile.OpenAssetFile using local file:public/csslib/c3.min.css
2018-05-11 14:09:56|6592|ParaFile.OpenAssetFile using local file:public/jslib/d3.min.js
2018-05-11 14:09:56|6592|ParaFile.OpenAssetFile using local file:public/jslib/c3.min.js
2018-05-11 14:09:56|13496|ParaFile.OpenAssetFile using local file:public/js/taughted_record.js
2018-05-11 14:09:56|6592|ParaFile.OpenAssetFile using local file:public/csslib/fonts/element-icons.woff
2018-05-11 14:12:52|6592|ParaFile.OpenAssetFile using local file:public/csslib/element-ui.css
2018-05-11 14:12:52|15768|ParaFile.OpenAssetFile using local file:public/jslib/jquery.min.js
2018-05-11 14:12:52|13496|ParaFile.OpenAssetFile using local file:public/css/common.css
2018-05-11 14:12:52|2636|ParaFile.OpenAssetFile using local file:public/js/common.js
2018-05-11 14:12:52|1088|ParaFile.OpenAssetFile using local file:public/css/record.css
2018-05-11 14:12:52|16556|ParaFile.OpenAssetFile using local file:public/csslib/c3.min.css
2018-05-11 14:12:52|6592|ParaFile.OpenAssetFile using local file:public/jslib/d3.min.js
2018-05-11 14:12:52|15768|ParaFile.OpenAssetFile using local file:public/js/taughted_record.js
2018-05-11 14:12:52|13496|ParaFile.OpenAssetFile using local file:public/jslib/c3.min.js
2018-05-11 14:12:52|6592|ParaFile.OpenAssetFile using local file:public/csslib/fonts/element-icons.woff
2018-05-11 14:13:26|6592|ParaFile.OpenAssetFile using local file:public/csslib/element-ui.css
2018-05-11 14:13:26|15768|ParaFile.OpenAssetFile using local file:public/jslib/jquery.min.js
2018-05-11 14:13:26|13496|ParaFile.OpenAssetFile using local file:public/css/common.css
2018-05-11 14:13:26|2636|ParaFile.OpenAssetFile using local file:public/js/common.js
2018-05-11 14:13:26|13496|ParaFile.OpenAssetFile using local file:public/css/record.css
2018-05-11 14:13:26|15768|ParaFile.OpenAssetFile using local file:public/csslib/c3.min.css
2018-05-11 14:13:26|6592|ParaFile.OpenAssetFile using local file:public/jslib/d3.min.js
2018-05-11 14:13:26|13496|ParaFile.OpenAssetFile using local file:public/jslib/c3.min.js
2018-05-11 14:13:26|6592|ParaFile.OpenAssetFile using local file:public/js/taughted_record.js
2018-05-11 14:13:26|6592|ParaFile.OpenAssetFile using local file:public/csslib/fonts/element-icons.woff
2018-05-11 14:15:16|6592|ParaFile.OpenAssetFile using local file:public/csslib/element-ui.css
2018-05-11 14:15:16|13496|ParaFile.OpenAssetFile using local file:public/css/common.css
2018-05-11 14:15:16|13496|ParaFile.OpenAssetFile using local file:public/jslib/jquery.min.js
2018-05-11 14:15:16|6592|ParaFile.OpenAssetFile using local file:public/js/common.js
2018-05-11 14:15:16|15768|ParaFile.OpenAssetFile using local file:public/css/record.css
2018-05-11 14:15:16|2636|ParaFile.OpenAssetFile using local file:public/csslib/c3.min.css
2018-05-11 14:15:16|6592|ParaFile.OpenAssetFile using local file:public/jslib/d3.min.js
2018-05-11 14:15:16|6592|ParaFile.OpenAssetFile using local file:public/jslib/c3.min.js
2018-05-11 14:15:16|13496|ParaFile.OpenAssetFile using local file:public/js/taughted_record.js
2018-05-11 14:15:16|6592|ParaFile.OpenAssetFile using local file:public/csslib/fonts/element-icons.woff
2018-05-11 14:19:20|6592|ParaFile.OpenAssetFile using local file:public/csslib/element-ui.css
2018-05-11 14:19:20|13496|ParaFile.OpenAssetFile using local file:public/css/common.css
2018-05-11 14:19:20|15768|ParaFile.OpenAssetFile using local file:public/jslib/jquery.min.js
2018-05-11 14:19:20|2636|ParaFile.OpenAssetFile using local file:public/js/common.js
2018-05-11 14:19:20|1088|ParaFile.OpenAssetFile using local file:public/css/record.css
2018-05-11 14:19:20|16556|ParaFile.OpenAssetFile using local file:public/csslib/c3.min.css
2018-05-11 14:19:20|6592|ParaFile.OpenAssetFile using local file:public/jslib/d3.min.js
2018-05-11 14:19:20|6592|ParaFile.OpenAssetFile using local file:public/jslib/c3.min.js
2018-05-11 14:19:20|13496|ParaFile.OpenAssetFile using local file:public/js/taughted_record.js
2018-05-11 14:19:20|6592|ParaFile.OpenAssetFile using local file:public/csslib/fonts/element-icons.woff
2018-05-11 14:21:10|6592|ParaFile.OpenAssetFile using local file:public/csslib/element-ui.css
2018-05-11 14:21:10|13496|ParaFile.OpenAssetFile using local file:public/css/common.css
2018-05-11 14:21:10|15768|ParaFile.OpenAssetFile using local file:public/jslib/jquery.min.js
2018-05-11 14:21:10|6592|ParaFile.OpenAssetFile using local file:public/js/common.js
2018-05-11 14:21:10|13496|ParaFile.OpenAssetFile using local file:public/css/record.css
2018-05-11 14:21:10|15768|ParaFile.OpenAssetFile using local file:public/csslib/c3.min.css
2018-05-11 14:21:10|2636|ParaFile.OpenAssetFile using local file:public/jslib/d3.min.js
2018-05-11 14:21:10|6592|ParaFile.OpenAssetFile using local file:public/js/taughted_record.js
2018-05-11 14:21:10|1088|ParaFile.OpenAssetFile using local file:public/jslib/c3.min.js
2018-05-11 14:21:10|6592|ParaFile.OpenAssetFile using local file:public/csslib/fonts/element-icons.woff
2018-05-11 14:22:03|6592|ParaFile.OpenAssetFile using local file:public/csslib/element-ui.css
2018-05-11 14:22:03|13496|ParaFile.OpenAssetFile using local file:public/css/common.css
2018-05-11 14:22:03|15768|ParaFile.OpenAssetFile using local file:public/jslib/jquery.min.js
2018-05-11 14:22:03|2636|ParaFile.OpenAssetFile using local file:public/js/common.js
2018-05-11 14:22:03|1088|ParaFile.OpenAssetFile using local file:public/css/record.css
2018-05-11 14:22:03|16556|ParaFile.OpenAssetFile using local file:public/csslib/c3.min.css
2018-05-11 14:22:03|6592|ParaFile.OpenAssetFile using local file:public/jslib/d3.min.js
2018-05-11 14:22:03|13496|ParaFile.OpenAssetFile using local file:public/jslib/c3.min.js
2018-05-11 14:22:03|15768|ParaFile.OpenAssetFile using local file:public/js/taughted_record.js
2018-05-11 14:22:03|6592|ParaFile.OpenAssetFile using local file:public/csslib/fonts/element-icons.woff
2018-05-11 14:22:16|6592|ParaFile.OpenAssetFile using local file:public/csslib/element-ui.css
2018-05-11 14:22:16|13496|ParaFile.OpenAssetFile using local file:public/css/common.css
2018-05-11 14:22:16|6592|ParaFile.OpenAssetFile using local file:public/jslib/jquery.min.js
2018-05-11 14:22:16|13496|ParaFile.OpenAssetFile using local file:public/js/common.js
2018-05-11 14:22:16|15768|ParaFile.OpenAssetFile using local file:public/css/record.css
2018-05-11 14:22:16|2636|ParaFile.OpenAssetFile using local file:public/csslib/c3.min.css
2018-05-11 14:22:16|6592|ParaFile.OpenAssetFile using local file:public/jslib/d3.min.js
2018-05-11 14:22:16|6592|ParaFile.OpenAssetFile using local file:public/jslib/c3.min.js
2018-05-11 14:22:16|6592|ParaFile.OpenAssetFile using local file:public/js/taughted_record.js
2018-05-11 14:22:17|6592|ParaFile.OpenAssetFile using local file:public/csslib/fonts/element-icons.woff
2018-05-11 14:27:41|6592|ParaFile.OpenAssetFile using local file:public/csslib/element-ui.css
2018-05-11 14:27:41|15768|ParaFile.OpenAssetFile using local file:public/jslib/jquery.min.js
2018-05-11 14:27:41|2636|ParaFile.OpenAssetFile using local file:public/js/common.js
2018-05-11 14:27:41|13496|ParaFile.OpenAssetFile using local file:public/css/common.css
2018-05-11 14:27:41|6592|ParaFile.OpenAssetFile using local file:public/css/record.css
2018-05-11 14:27:41|13496|ParaFile.OpenAssetFile using local file:public/csslib/c3.min.css
2018-05-11 14:27:41|6592|ParaFile.OpenAssetFile using local file:public/jslib/d3.min.js
2018-05-11 14:27:41|13496|ParaFile.OpenAssetFile using local file:public/jslib/c3.min.js
2018-05-11 14:27:41|6592|ParaFile.OpenAssetFile using local file:public/js/taughted_record.js
2018-05-11 14:27:41|6592|ParaFile.OpenAssetFile using local file:public/csslib/fonts/element-icons.woff
2018-05-11 14:29:48|6592|ParaFile.OpenAssetFile using local file:public/csslib/element-ui.css
2018-05-11 14:29:48|13496|ParaFile.OpenAssetFile using local file:public/css/common.css
2018-05-11 14:29:48|15768|ParaFile.OpenAssetFile using local file:public/jslib/jquery.min.js
2018-05-11 14:29:48|2636|ParaFile.OpenAssetFile using local file:public/js/common.js
2018-05-11 14:29:48|6592|ParaFile.OpenAssetFile using local file:public/css/record.css
2018-05-11 14:29:48|13496|ParaFile.OpenAssetFile using local file:public/csslib/c3.min.css
2018-05-11 14:29:48|6592|ParaFile.OpenAssetFile using local file:public/jslib/d3.min.js
2018-05-11 14:29:48|6592|ParaFile.OpenAssetFile using local file:public/jslib/c3.min.js
2018-05-11 14:29:48|6592|ParaFile.OpenAssetFile using local file:public/js/taughted_record.js
2018-05-11 14:29:48|6592|ParaFile.OpenAssetFile using local file:public/csslib/fonts/element-icons.woff
2018-05-11 14:46:16|6592|ParaFile.OpenAssetFile using local file:public/csslib/element-ui.css
2018-05-11 14:46:16|15768|ParaFile.OpenAssetFile using local file:public/jslib/jquery.min.js
2018-05-11 14:46:16|13496|ParaFile.OpenAssetFile using local file:public/css/common.css
2018-05-11 14:46:16|13496|ParaFile.OpenAssetFile using local file:public/js/common.js
2018-05-11 14:46:16|6592|ParaFile.OpenAssetFile using local file:public/css/record.css
2018-05-11 14:46:16|13496|ParaFile.OpenAssetFile using local file:public/csslib/c3.min.css
2018-05-11 14:46:16|15768|ParaFile.OpenAssetFile using local file:public/jslib/d3.min.js
2018-05-11 14:46:16|6592|ParaFile.OpenAssetFile using local file:public/jslib/c3.min.js
2018-05-11 14:46:16|6592|ParaFile.OpenAssetFile using local file:public/js/taughted_record.js
2018-05-11 14:46:16|6592|ParaFile.OpenAssetFile using local file:public/csslib/fonts/element-icons.woff
2018-05-11 14:47:02|6592|ParaFile.OpenAssetFile using local file:public/csslib/element-ui.css
2018-05-11 14:47:02|13496|ParaFile.OpenAssetFile using local file:public/css/common.css
2018-05-11 14:47:02|15768|ParaFile.OpenAssetFile using local file:public/jslib/jquery.min.js
2018-05-11 14:47:02|2636|ParaFile.OpenAssetFile using local file:public/js/common.js
2018-05-11 14:47:02|6592|ParaFile.OpenAssetFile using local file:public/css/record.css
2018-05-11 14:47:02|6592|ParaFile.OpenAssetFile using local file:public/csslib/c3.min.css
2018-05-11 14:47:02|13496|ParaFile.OpenAssetFile using local file:public/jslib/d3.min.js
2018-05-11 14:47:02|6592|ParaFile.OpenAssetFile using local file:public/jslib/c3.min.js
2018-05-11 14:47:02|6592|ParaFile.OpenAssetFile using local file:public/js/taughted_record.js
2018-05-11 14:47:02|6592|ParaFile.OpenAssetFile using local file:public/csslib/fonts/element-icons.woff
2018-05-11 14:47:33|6592|ParaFile.OpenAssetFile using local file:public/csslib/element-ui.css
2018-05-11 14:47:33|6592|ParaFile.OpenAssetFile using local file:public/css/common.css
2018-05-11 14:47:33|13496|ParaFile.OpenAssetFile using local file:public/jslib/jquery.min.js
2018-05-11 14:47:33|15768|ParaFile.OpenAssetFile using local file:public/js/common.js
2018-05-11 14:47:33|2636|ParaFile.OpenAssetFile using local file:public/css/record.css
2018-05-11 14:47:33|6592|ParaFile.OpenAssetFile using local file:public/csslib/c3.min.css
2018-05-11 14:47:33|13496|ParaFile.OpenAssetFile using local file:public/jslib/d3.min.js
2018-05-11 14:47:33|6592|ParaFile.OpenAssetFile using local file:public/jslib/c3.min.js
2018-05-11 14:47:33|13496|ParaFile.OpenAssetFile using local file:public/js/taughted_record.js
2018-05-11 14:47:33|6592|ParaFile.OpenAssetFile using local file:public/csslib/fonts/element-icons.woff
2018-05-11 14:48:48|6592|ParaFile.OpenAssetFile using local file:public/csslib/element-ui.css
2018-05-11 14:48:48|13496|ParaFile.OpenAssetFile using local file:public/css/common.css
2018-05-11 14:48:48|15768|ParaFile.OpenAssetFile using local file:public/jslib/jquery.min.js
2018-05-11 14:48:48|2636|ParaFile.OpenAssetFile using local file:public/js/common.js
2018-05-11 14:48:48|6592|ParaFile.OpenAssetFile using local file:public/csslib/c3.min.css
2018-05-11 14:48:48|1088|ParaFile.OpenAssetFile using local file:public/css/record.css
2018-05-11 14:48:48|6592|ParaFile.OpenAssetFile using local file:public/jslib/d3.min.js
2018-05-11 14:48:48|13496|ParaFile.OpenAssetFile using local file:public/jslib/c3.min.js
2018-05-11 14:48:48|15768|ParaFile.OpenAssetFile using local file:public/js/taughted_record.js
2018-05-11 14:48:48|6592|ParaFile.OpenAssetFile using local file:public/csslib/fonts/element-icons.woff
2018-05-11 14:50:34|6592|ParaFile.OpenAssetFile using local file:public/csslib/element-ui.css
2018-05-11 14:50:34|6592|ParaFile.OpenAssetFile using local file:public/css/common.css
2018-05-11 14:50:34|13496|ParaFile.OpenAssetFile using local file:public/jslib/jquery.min.js
2018-05-11 14:50:34|15768|ParaFile.OpenAssetFile using local file:public/js/common.js
2018-05-11 14:50:34|2636|ParaFile.OpenAssetFile using local file:public/css/record.css
2018-05-11 14:50:34|6592|ParaFile.OpenAssetFile using local file:public/csslib/c3.min.css
2018-05-11 14:50:34|13496|ParaFile.OpenAssetFile using local file:public/jslib/d3.min.js
2018-05-11 14:50:34|6592|ParaFile.OpenAssetFile using local file:public/jslib/c3.min.js
2018-05-11 14:50:34|15768|ParaFile.OpenAssetFile using local file:public/js/taughted_record.js
2018-05-11 14:50:34|6592|ParaFile.OpenAssetFile using local file:public/csslib/fonts/element-icons.woff
